<TestRun xmlns="http://microsoft.com/schemas/VisualStudio/TeamTest/2010" id="e6e41ebf-4e5d-4a76-bf3a-78cdc2c6ebd4" name="DESKTOP-2VM5RH0\Tanner 2025-01-06T21:40:57.692Z" runUser="DESKTOP-2VM5RH0\Tanner">
<ResultSummary outcome="Completed">
<Counters total="2" executed="2" passed="2" failed="0" error="0" timeout="0" aborted="0" inconclusive="0" passedButRunAborted="0" notRunnable="0" notExecuted="0" disconnected="0" warning="0" completed="0" inProgress="0" pending="0"/>
</ResultSummary>
<Results>
<UnitTestResult testName="prod &gt; home.spec.ts &gt; Para Bank | Home Page &gt; homePage &gt; verify home page elements exist" testType="13cdc9d9-ddb5-4fa4-a97d-d965ccfc6d4b" testId="f418690f-eb5d-5fbf-83e5-86f09b37591a" executionId="0693b408-647e-4e7f-bdc4-2ab6d12553a9" testListId="8c84fa94-04c1-424b-9868-57a2d4851a1d" outcome="Passed" computerName="DESKTOP-2VM5RH0" startTime="2025-01-06T21:40:58.062Z" endTime="2025-01-06T21:40:59.660Z" duration="00:00:01.598"/>
<UnitTestResult testName="prod &gt; home.spec.ts &gt; Para Bank | Home Page &gt; homePage &gt; verify about us page link works" testType="13cdc9d9-ddb5-4fa4-a97d-d965ccfc6d4b" testId="884b93b1-0283-5cb4-b1fb-459c1429d72e" executionId="1850712d-5ddc-4a50-bb02-50cbe3759449" testListId="8c84fa94-04c1-424b-9868-57a2d4851a1d" outcome="Passed" computerName="DESKTOP-2VM5RH0" startTime="2025-01-06T21:40:58.062Z" endTime="2025-01-06T21:40:59.890Z" duration="00:00:01.828"/>
</Results>
<TestDefinitions>
<UnitTest id="f418690f-eb5d-5fbf-83e5-86f09b37591a" name="prod &gt; home.spec.ts &gt; Para Bank | Home Page &gt; homePage &gt; prod &gt; home.spec.ts &gt; Para Bank | Home Page &gt; homePage &gt; verify home page elements exist" storage="C:\Users\Tanner\source\repos\Playwright_Project\tests\home.spec.ts">
<Execution id="0693b408-647e-4e7f-bdc4-2ab6d12553a9"/>
<TestMethod className="prod &gt; home.spec.ts &gt; Para Bank | Home Page &gt; homePage" codeBase="C:\Users\Tanner\source\repos\Playwright_Project\tests\home.spec.ts" name="prod &gt; home.spec.ts &gt; Para Bank | Home Page &gt; homePage &gt; verify home page elements exist"/>
</UnitTest>
<UnitTest id="884b93b1-0283-5cb4-b1fb-459c1429d72e" name="prod &gt; home.spec.ts &gt; Para Bank | Home Page &gt; homePage &gt; prod &gt; home.spec.ts &gt; Para Bank | Home Page &gt; homePage &gt; verify about us page link works" storage="C:\Users\Tanner\source\repos\Playwright_Project\tests\home.spec.ts">
<Execution id="1850712d-5ddc-4a50-bb02-50cbe3759449"/>
<TestMethod className="prod &gt; home.spec.ts &gt; Para Bank | Home Page &gt; homePage" codeBase="C:\Users\Tanner\source\repos\Playwright_Project\tests\home.spec.ts" name="prod &gt; home.spec.ts &gt; Para Bank | Home Page &gt; homePage &gt; verify about us page link works"/>
</UnitTest>
</TestDefinitions>
<TestEntries>
<TestEntry testId="f418690f-eb5d-5fbf-83e5-86f09b37591a" executionId="0693b408-647e-4e7f-bdc4-2ab6d12553a9" testListId="8c84fa94-04c1-424b-9868-57a2d4851a1d"/>
<TestEntry testId="884b93b1-0283-5cb4-b1fb-459c1429d72e" executionId="1850712d-5ddc-4a50-bb02-50cbe3759449" testListId="8c84fa94-04c1-424b-9868-57a2d4851a1d"/>
</TestEntries>
<TestLists>
<TestList id="8c84fa94-04c1-424b-9868-57a2d4851a1d" name="Results Not in a List"/>
<TestList id="19431567-8539-422a-85d7-44ee4e166bda" name="All Loaded Results"/>
</TestLists>
<Times creation="2025-01-06T21:40:57.692Z" finish="2025-01-06T21:41:00.309Z"/>
</TestRun>